30/11/2021, 12:18:41 - INFO - Server is running on port: 3030 
30/11/2021, 13:00:40 - DEBUG - auth.service - login with username: dkatorza (sid: e0dKlpG4BKJpaWFR9fHNMbVmE4Dobq3O)
30/11/2021, 13:00:40 - ERROR - Failed to Login Invalid username or password (sid: e0dKlpG4BKJpaWFR9fHNMbVmE4Dobq3O)
30/11/2021, 13:01:06 - DEBUG - auth.service - login with username: dkatorza (sid: e0dKlpG4BKJpaWFR9fHNMbVmE4Dobq3O)
30/11/2021, 13:01:06 - ERROR - Failed to Login Invalid username or password (sid: e0dKlpG4BKJpaWFR9fHNMbVmE4Dobq3O)
30/11/2021, 13:01:24 - DEBUG - auth.service - login with username: dkatorza (sid: e0dKlpG4BKJpaWFR9fHNMbVmE4Dobq3O)
30/11/2021, 13:01:24 - ERROR - Failed to Login Invalid username or password (sid: e0dKlpG4BKJpaWFR9fHNMbVmE4Dobq3O)
30/11/2021, 13:02:02 - DEBUG - auth.service - login with username: dkatorza (sid: e0dKlpG4BKJpaWFR9fHNMbVmE4Dobq3O)
30/11/2021, 13:02:02 - ERROR - Failed to Login Invalid username or password (sid: e0dKlpG4BKJpaWFR9fHNMbVmE4Dobq3O)
30/11/2021, 13:05:45 - INFO - Server is running on port: 3030 
30/11/2021, 13:06:19 - DEBUG - auth.service - login with username: dkatorza (sid: mQyuvQsJysQNWAWm-fF04niUaVqfGgwA)
30/11/2021, 13:06:19 - ERROR - Failed to Login Invalid username or password (sid: mQyuvQsJysQNWAWm-fF04niUaVqfGgwA)
30/11/2021, 13:11:38 - DEBUG - auth.service - signup with username: dkatorza, fullname: Dan Katorza (sid: mQyuvQsJysQNWAWm-fF04niUaVqfGgwA)
30/11/2021, 13:11:39 - ERROR - cannot insert user | MongoError: db already exists with different case already have: [Jello_DB] trying to create [JELLO_DB] (sid: mQyuvQsJysQNWAWm-fF04niUaVqfGgwA)
30/11/2021, 13:11:39 - ERROR - Failed to signup MongoError: db already exists with different case already have: [Jello_DB] trying to create [JELLO_DB] (sid: mQyuvQsJysQNWAWm-fF04niUaVqfGgwA)
30/11/2021, 13:14:07 - INFO - Server is running on port: 3030 
30/11/2021, 13:14:34 - DEBUG - auth.service - signup with username: dkatorza, fullname: Dan Katorza (sid: bRXK5JjosAHPawKA8yqMkfwBftkQifWS)
30/11/2021, 13:14:35 - DEBUG - auth.route - new account created: {"username":"dkatorza","password":"$2b$10$nGLLYCahx5zd87NW02NXo.azseZzb1OAOfsFs35GDdWfZfj9K35LG","fullname":"Dan Katorza","isAdmin":false,"isOnline":false,"createdAt":"2021-11-30T11:14:35.000Z","_id":"61a6079b22738229549272d9"} (sid: bRXK5JjosAHPawKA8yqMkfwBftkQifWS)
30/11/2021, 13:14:35 - DEBUG - auth.service - login with username: dkatorza (sid: bRXK5JjosAHPawKA8yqMkfwBftkQifWS)
30/11/2021, 13:14:35 - INFO - Req from: Dan Katorza (sid: bRXK5JjosAHPawKA8yqMkfwBftkQifWS)
30/11/2021, 13:14:49 - INFO - Req from: Dan Katorza (sid: bRXK5JjosAHPawKA8yqMkfwBftkQifWS)
30/11/2021, 13:14:55 - INFO - Req from: Dan Katorza (sid: bRXK5JjosAHPawKA8yqMkfwBftkQifWS)
30/11/2021, 13:14:57 - INFO - Req from: Dan Katorza (sid: bRXK5JjosAHPawKA8yqMkfwBftkQifWS)
30/11/2021, 13:14:58 - INFO - Req from: Dan Katorza (sid: bRXK5JjosAHPawKA8yqMkfwBftkQifWS)
30/11/2021, 13:15:00 - INFO - Req from: Dan Katorza (sid: bRXK5JjosAHPawKA8yqMkfwBftkQifWS)
30/11/2021, 13:15:02 - INFO - Req from: Dan Katorza (sid: bRXK5JjosAHPawKA8yqMkfwBftkQifWS)
30/11/2021, 13:15:04 - INFO - Req from: Dan Katorza (sid: bRXK5JjosAHPawKA8yqMkfwBftkQifWS)
30/11/2021, 13:15:06 - INFO - Req from: Dan Katorza (sid: bRXK5JjosAHPawKA8yqMkfwBftkQifWS)
30/11/2021, 13:15:09 - INFO - Req from: Dan Katorza (sid: bRXK5JjosAHPawKA8yqMkfwBftkQifWS)
30/11/2021, 13:15:13 - INFO - Req from: Dan Katorza (sid: bRXK5JjosAHPawKA8yqMkfwBftkQifWS)
30/11/2021, 13:15:15 - INFO - Req from: Dan Katorza (sid: bRXK5JjosAHPawKA8yqMkfwBftkQifWS)
30/11/2021, 13:15:18 - INFO - Req from: Dan Katorza (sid: bRXK5JjosAHPawKA8yqMkfwBftkQifWS)
30/11/2021, 13:15:20 - INFO - Req from: Dan Katorza (sid: bRXK5JjosAHPawKA8yqMkfwBftkQifWS)
30/11/2021, 13:15:25 - INFO - Req from: Dan Katorza (sid: bRXK5JjosAHPawKA8yqMkfwBftkQifWS)
30/11/2021, 13:15:31 - INFO - Req from: Dan Katorza (sid: bRXK5JjosAHPawKA8yqMkfwBftkQifWS)
30/11/2021, 13:15:35 - INFO - Req from: Dan Katorza (sid: bRXK5JjosAHPawKA8yqMkfwBftkQifWS)
30/11/2021, 13:15:38 - INFO - Req from: Dan Katorza (sid: bRXK5JjosAHPawKA8yqMkfwBftkQifWS)
30/11/2021, 13:15:40 - INFO - Req from: Dan Katorza (sid: bRXK5JjosAHPawKA8yqMkfwBftkQifWS)
30/11/2021, 13:15:43 - INFO - Req from: Dan Katorza (sid: bRXK5JjosAHPawKA8yqMkfwBftkQifWS)
30/11/2021, 13:15:46 - INFO - Req from: Dan Katorza (sid: bRXK5JjosAHPawKA8yqMkfwBftkQifWS)
30/11/2021, 13:15:49 - INFO - Req from: Dan Katorza (sid: bRXK5JjosAHPawKA8yqMkfwBftkQifWS)
30/11/2021, 13:15:52 - INFO - Req from: Dan Katorza (sid: bRXK5JjosAHPawKA8yqMkfwBftkQifWS)
30/11/2021, 13:15:55 - INFO - Req from: Dan Katorza (sid: bRXK5JjosAHPawKA8yqMkfwBftkQifWS)
30/11/2021, 13:16:00 - INFO - Req from: Dan Katorza (sid: bRXK5JjosAHPawKA8yqMkfwBftkQifWS)
30/11/2021, 13:16:04 - INFO - Req from: Dan Katorza (sid: bRXK5JjosAHPawKA8yqMkfwBftkQifWS)
30/11/2021, 13:16:06 - INFO - Req from: Dan Katorza (sid: bRXK5JjosAHPawKA8yqMkfwBftkQifWS)
30/11/2021, 13:16:08 - INFO - Req from: Dan Katorza (sid: bRXK5JjosAHPawKA8yqMkfwBftkQifWS)
30/11/2021, 13:16:15 - INFO - Req from: Dan Katorza (sid: bRXK5JjosAHPawKA8yqMkfwBftkQifWS)
30/11/2021, 13:16:20 - INFO - Req from: Dan Katorza (sid: bRXK5JjosAHPawKA8yqMkfwBftkQifWS)
30/11/2021, 13:16:22 - INFO - Req from: Dan Katorza (sid: bRXK5JjosAHPawKA8yqMkfwBftkQifWS)
30/11/2021, 13:16:24 - INFO - Req from: Dan Katorza (sid: bRXK5JjosAHPawKA8yqMkfwBftkQifWS)
30/11/2021, 13:16:26 - INFO - Req from: Dan Katorza (sid: bRXK5JjosAHPawKA8yqMkfwBftkQifWS)
30/11/2021, 13:16:28 - INFO - Req from: Dan Katorza (sid: bRXK5JjosAHPawKA8yqMkfwBftkQifWS)
30/11/2021, 13:16:30 - INFO - Req from: Dan Katorza (sid: bRXK5JjosAHPawKA8yqMkfwBftkQifWS)
30/11/2021, 13:16:32 - INFO - Req from: Dan Katorza (sid: bRXK5JjosAHPawKA8yqMkfwBftkQifWS)
30/11/2021, 13:16:35 - INFO - Req from: Dan Katorza (sid: bRXK5JjosAHPawKA8yqMkfwBftkQifWS)
30/11/2021, 13:16:37 - INFO - Req from: Dan Katorza (sid: bRXK5JjosAHPawKA8yqMkfwBftkQifWS)
30/11/2021, 13:16:41 - INFO - Req from: Dan Katorza (sid: bRXK5JjosAHPawKA8yqMkfwBftkQifWS)
30/11/2021, 13:16:41 - INFO - Req from: Dan Katorza (sid: bRXK5JjosAHPawKA8yqMkfwBftkQifWS)
30/11/2021, 13:16:42 - INFO - Req from: Dan Katorza (sid: bRXK5JjosAHPawKA8yqMkfwBftkQifWS)
30/11/2021, 13:16:42 - INFO - Req from: Dan Katorza (sid: bRXK5JjosAHPawKA8yqMkfwBftkQifWS)
30/11/2021, 13:16:43 - INFO - Req from: Dan Katorza (sid: bRXK5JjosAHPawKA8yqMkfwBftkQifWS)
30/11/2021, 13:17:30 - INFO - Req from: Dan Katorza (sid: bRXK5JjosAHPawKA8yqMkfwBftkQifWS)
30/11/2021, 13:17:30 - INFO - Req from: Dan Katorza (sid: bRXK5JjosAHPawKA8yqMkfwBftkQifWS)
30/11/2021, 13:17:32 - INFO - Req from: Dan Katorza (sid: bRXK5JjosAHPawKA8yqMkfwBftkQifWS)
30/11/2021, 13:17:36 - INFO - Server is running on port: 3030 
30/11/2021, 16:59:13 - INFO - Server is running on port: 3030 
30/11/2021, 16:59:37 - DEBUG - auth.service - login with username: dkatorza (sid: 5qE-tQTsZqb0Pu-TiLW0kLs9m2MP4F6B)
30/11/2021, 16:59:40 - INFO - Req from: Dan Katorza (sid: 5qE-tQTsZqb0Pu-TiLW0kLs9m2MP4F6B)
30/11/2021, 16:59:44 - INFO - Req from: Dan Katorza (sid: 5qE-tQTsZqb0Pu-TiLW0kLs9m2MP4F6B)
30/11/2021, 17:01:00 - INFO - Req from: Dan Katorza (sid: 5qE-tQTsZqb0Pu-TiLW0kLs9m2MP4F6B)
30/11/2021, 17:01:03 - INFO - Req from: Dan Katorza (sid: 5qE-tQTsZqb0Pu-TiLW0kLs9m2MP4F6B)
30/11/2021, 17:01:13 - INFO - Req from: Dan Katorza (sid: 5qE-tQTsZqb0Pu-TiLW0kLs9m2MP4F6B)
30/11/2021, 17:01:15 - INFO - Req from: Dan Katorza (sid: 5qE-tQTsZqb0Pu-TiLW0kLs9m2MP4F6B)
30/11/2021, 17:03:23 - INFO - Req from: Dan Katorza (sid: 5qE-tQTsZqb0Pu-TiLW0kLs9m2MP4F6B)
30/11/2021, 17:03:27 - INFO - Req from: Dan Katorza (sid: 5qE-tQTsZqb0Pu-TiLW0kLs9m2MP4F6B)
30/11/2021, 17:03:32 - INFO - Req from: Dan Katorza (sid: 5qE-tQTsZqb0Pu-TiLW0kLs9m2MP4F6B)
30/11/2021, 17:03:32 - INFO - Req from: Dan Katorza (sid: 5qE-tQTsZqb0Pu-TiLW0kLs9m2MP4F6B)
30/11/2021, 17:08:34 - INFO - Req from: Dan Katorza (sid: 5qE-tQTsZqb0Pu-TiLW0kLs9m2MP4F6B)
30/11/2021, 17:08:37 - INFO - Req from: Dan Katorza (sid: 5qE-tQTsZqb0Pu-TiLW0kLs9m2MP4F6B)
30/11/2021, 17:08:49 - INFO - Req from: Dan Katorza (sid: 5qE-tQTsZqb0Pu-TiLW0kLs9m2MP4F6B)
30/11/2021, 17:08:52 - INFO - Req from: Dan Katorza (sid: 5qE-tQTsZqb0Pu-TiLW0kLs9m2MP4F6B)
30/11/2021, 17:08:55 - INFO - Req from: Dan Katorza (sid: 5qE-tQTsZqb0Pu-TiLW0kLs9m2MP4F6B)
30/11/2021, 17:08:58 - INFO - Req from: Dan Katorza (sid: 5qE-tQTsZqb0Pu-TiLW0kLs9m2MP4F6B)
30/11/2021, 17:10:10 - INFO - Req from: Dan Katorza (sid: 5qE-tQTsZqb0Pu-TiLW0kLs9m2MP4F6B)
30/11/2021, 17:10:12 - INFO - Req from: Dan Katorza (sid: 5qE-tQTsZqb0Pu-TiLW0kLs9m2MP4F6B)
30/11/2021, 17:10:14 - INFO - Req from: Dan Katorza (sid: 5qE-tQTsZqb0Pu-TiLW0kLs9m2MP4F6B)
30/11/2021, 17:10:16 - INFO - Req from: Dan Katorza (sid: 5qE-tQTsZqb0Pu-TiLW0kLs9m2MP4F6B)
30/11/2021, 17:10:18 - INFO - Req from: Dan Katorza (sid: 5qE-tQTsZqb0Pu-TiLW0kLs9m2MP4F6B)
30/11/2021, 17:10:20 - INFO - Req from: Dan Katorza (sid: 5qE-tQTsZqb0Pu-TiLW0kLs9m2MP4F6B)
30/11/2021, 17:10:23 - INFO - Req from: Dan Katorza (sid: 5qE-tQTsZqb0Pu-TiLW0kLs9m2MP4F6B)
30/11/2021, 17:10:25 - INFO - Req from: Dan Katorza (sid: 5qE-tQTsZqb0Pu-TiLW0kLs9m2MP4F6B)
30/11/2021, 17:10:29 - INFO - Req from: Dan Katorza (sid: 5qE-tQTsZqb0Pu-TiLW0kLs9m2MP4F6B)
30/11/2021, 17:10:33 - INFO - Req from: Dan Katorza (sid: 5qE-tQTsZqb0Pu-TiLW0kLs9m2MP4F6B)
30/11/2021, 17:10:37 - INFO - Req from: Dan Katorza (sid: 5qE-tQTsZqb0Pu-TiLW0kLs9m2MP4F6B)
30/11/2021, 17:13:49 - INFO - Req from: Dan Katorza (sid: 5qE-tQTsZqb0Pu-TiLW0kLs9m2MP4F6B)
30/11/2021, 17:13:58 - INFO - Req from: Dan Katorza (sid: 5qE-tQTsZqb0Pu-TiLW0kLs9m2MP4F6B)
30/11/2021, 17:21:54 - INFO - Req from: Dan Katorza (sid: 5qE-tQTsZqb0Pu-TiLW0kLs9m2MP4F6B)
30/11/2021, 17:22:13 - INFO - Req from: Dan Katorza (sid: 5qE-tQTsZqb0Pu-TiLW0kLs9m2MP4F6B)
30/11/2021, 17:22:47 - INFO - Req from: Dan Katorza (sid: 5qE-tQTsZqb0Pu-TiLW0kLs9m2MP4F6B)
30/11/2021, 17:23:02 - INFO - Req from: Dan Katorza (sid: 5qE-tQTsZqb0Pu-TiLW0kLs9m2MP4F6B)
30/11/2021, 17:23:05 - INFO - Req from: Dan Katorza (sid: 5qE-tQTsZqb0Pu-TiLW0kLs9m2MP4F6B)
30/11/2021, 17:23:07 - INFO - Req from: Dan Katorza (sid: 5qE-tQTsZqb0Pu-TiLW0kLs9m2MP4F6B)
30/11/2021, 17:23:08 - INFO - Req from: Dan Katorza (sid: 5qE-tQTsZqb0Pu-TiLW0kLs9m2MP4F6B)
30/11/2021, 17:23:10 - INFO - Req from: Dan Katorza (sid: 5qE-tQTsZqb0Pu-TiLW0kLs9m2MP4F6B)
30/11/2021, 17:23:12 - INFO - Req from: Dan Katorza (sid: 5qE-tQTsZqb0Pu-TiLW0kLs9m2MP4F6B)
30/11/2021, 17:23:15 - INFO - Req from: Dan Katorza (sid: 5qE-tQTsZqb0Pu-TiLW0kLs9m2MP4F6B)
30/11/2021, 17:23:18 - INFO - Req from: Dan Katorza (sid: 5qE-tQTsZqb0Pu-TiLW0kLs9m2MP4F6B)
30/11/2021, 17:23:20 - INFO - Req from: Dan Katorza (sid: 5qE-tQTsZqb0Pu-TiLW0kLs9m2MP4F6B)
30/11/2021, 17:23:21 - INFO - Req from: Dan Katorza (sid: 5qE-tQTsZqb0Pu-TiLW0kLs9m2MP4F6B)
30/11/2021, 17:23:23 - INFO - Req from: Dan Katorza (sid: 5qE-tQTsZqb0Pu-TiLW0kLs9m2MP4F6B)
30/11/2021, 17:24:24 - INFO - Server is running on port: 3030 
30/11/2021, 17:24:45 - DEBUG - auth.service - login with username: dkatorza (sid: 7oDsGvBPGDp7zsTU2bilRcVDwVVmlkNi)
30/11/2021, 17:24:49 - INFO - Req from: Dan Katorza (sid: 7oDsGvBPGDp7zsTU2bilRcVDwVVmlkNi)
30/11/2021, 17:24:51 - INFO - Req from: Dan Katorza (sid: 7oDsGvBPGDp7zsTU2bilRcVDwVVmlkNi)
30/11/2021, 17:24:53 - INFO - Req from: Dan Katorza (sid: 7oDsGvBPGDp7zsTU2bilRcVDwVVmlkNi)
30/11/2021, 17:24:55 - INFO - Req from: Dan Katorza (sid: 7oDsGvBPGDp7zsTU2bilRcVDwVVmlkNi)
30/11/2021, 17:25:05 - INFO - Req from: Dan Katorza (sid: 7oDsGvBPGDp7zsTU2bilRcVDwVVmlkNi)
30/11/2021, 17:25:07 - INFO - Req from: Dan Katorza (sid: 7oDsGvBPGDp7zsTU2bilRcVDwVVmlkNi)
30/11/2021, 17:26:42 - INFO - Req from: Dan Katorza (sid: 7oDsGvBPGDp7zsTU2bilRcVDwVVmlkNi)
30/11/2021, 17:26:44 - INFO - Req from: Dan Katorza (sid: 7oDsGvBPGDp7zsTU2bilRcVDwVVmlkNi)
30/11/2021, 17:26:46 - INFO - Req from: Dan Katorza (sid: 7oDsGvBPGDp7zsTU2bilRcVDwVVmlkNi)
30/11/2021, 17:26:49 - INFO - Req from: Dan Katorza (sid: 7oDsGvBPGDp7zsTU2bilRcVDwVVmlkNi)
30/11/2021, 17:26:51 - INFO - Req from: Dan Katorza (sid: 7oDsGvBPGDp7zsTU2bilRcVDwVVmlkNi)
30/11/2021, 17:26:54 - INFO - Req from: Dan Katorza (sid: 7oDsGvBPGDp7zsTU2bilRcVDwVVmlkNi)
30/11/2021, 17:26:56 - INFO - Req from: Dan Katorza (sid: 7oDsGvBPGDp7zsTU2bilRcVDwVVmlkNi)
30/11/2021, 17:26:58 - INFO - Req from: Dan Katorza (sid: 7oDsGvBPGDp7zsTU2bilRcVDwVVmlkNi)
30/11/2021, 17:27:00 - INFO - Req from: Dan Katorza (sid: 7oDsGvBPGDp7zsTU2bilRcVDwVVmlkNi)
30/11/2021, 17:27:03 - INFO - Req from: Dan Katorza (sid: 7oDsGvBPGDp7zsTU2bilRcVDwVVmlkNi)
30/11/2021, 17:27:05 - INFO - Req from: Dan Katorza (sid: 7oDsGvBPGDp7zsTU2bilRcVDwVVmlkNi)
30/11/2021, 17:27:06 - INFO - Req from: Dan Katorza (sid: 7oDsGvBPGDp7zsTU2bilRcVDwVVmlkNi)
30/11/2021, 17:27:08 - INFO - Req from: Dan Katorza (sid: 7oDsGvBPGDp7zsTU2bilRcVDwVVmlkNi)
30/11/2021, 17:27:10 - INFO - Req from: Dan Katorza (sid: 7oDsGvBPGDp7zsTU2bilRcVDwVVmlkNi)
30/11/2021, 17:27:12 - INFO - Req from: Dan Katorza (sid: 7oDsGvBPGDp7zsTU2bilRcVDwVVmlkNi)
30/11/2021, 17:27:16 - INFO - Req from: Dan Katorza (sid: 7oDsGvBPGDp7zsTU2bilRcVDwVVmlkNi)
30/11/2021, 17:30:44 - INFO - Req from: Dan Katorza (sid: 7oDsGvBPGDp7zsTU2bilRcVDwVVmlkNi)
30/11/2021, 17:30:47 - INFO - Req from: Dan Katorza (sid: 7oDsGvBPGDp7zsTU2bilRcVDwVVmlkNi)
30/11/2021, 17:30:49 - INFO - Req from: Dan Katorza (sid: 7oDsGvBPGDp7zsTU2bilRcVDwVVmlkNi)
30/11/2021, 17:30:51 - INFO - Req from: Dan Katorza (sid: 7oDsGvBPGDp7zsTU2bilRcVDwVVmlkNi)
30/11/2021, 17:30:52 - INFO - Req from: Dan Katorza (sid: 7oDsGvBPGDp7zsTU2bilRcVDwVVmlkNi)
30/11/2021, 17:30:57 - INFO - Req from: Dan Katorza (sid: 7oDsGvBPGDp7zsTU2bilRcVDwVVmlkNi)
30/11/2021, 17:31:03 - INFO - Req from: Dan Katorza (sid: 7oDsGvBPGDp7zsTU2bilRcVDwVVmlkNi)
30/11/2021, 17:31:09 - INFO - Req from: Dan Katorza (sid: 7oDsGvBPGDp7zsTU2bilRcVDwVVmlkNi)
30/11/2021, 17:31:13 - INFO - Req from: Dan Katorza (sid: 7oDsGvBPGDp7zsTU2bilRcVDwVVmlkNi)
30/11/2021, 17:31:15 - INFO - Req from: Dan Katorza (sid: 7oDsGvBPGDp7zsTU2bilRcVDwVVmlkNi)
30/11/2021, 19:04:37 - INFO - Server is running on port: 3030 
30/11/2021, 19:05:22 - DEBUG - auth.service - login with username: dkatorza (sid: MW7vuKPQLyU4FAuSLLJTGcGW-y4DyiC1)
30/11/2021, 19:05:25 - INFO - Req from: Dan Katorza (sid: MW7vuKPQLyU4FAuSLLJTGcGW-y4DyiC1)
30/11/2021, 19:05:27 - INFO - Req from: Dan Katorza (sid: MW7vuKPQLyU4FAuSLLJTGcGW-y4DyiC1)
30/11/2021, 19:05:29 - INFO - Req from: Dan Katorza (sid: MW7vuKPQLyU4FAuSLLJTGcGW-y4DyiC1)
30/11/2021, 19:05:31 - INFO - Req from: Dan Katorza (sid: MW7vuKPQLyU4FAuSLLJTGcGW-y4DyiC1)
30/11/2021, 19:05:37 - INFO - Req from: Dan Katorza (sid: MW7vuKPQLyU4FAuSLLJTGcGW-y4DyiC1)
30/11/2021, 19:05:41 - INFO - Req from: Dan Katorza (sid: MW7vuKPQLyU4FAuSLLJTGcGW-y4DyiC1)
30/11/2021, 19:05:43 - INFO - Req from: Dan Katorza (sid: MW7vuKPQLyU4FAuSLLJTGcGW-y4DyiC1)
30/11/2021, 19:05:46 - INFO - Req from: Dan Katorza (sid: MW7vuKPQLyU4FAuSLLJTGcGW-y4DyiC1)
30/11/2021, 19:05:48 - INFO - Req from: Dan Katorza (sid: MW7vuKPQLyU4FAuSLLJTGcGW-y4DyiC1)
30/11/2021, 19:05:51 - INFO - Req from: Dan Katorza (sid: MW7vuKPQLyU4FAuSLLJTGcGW-y4DyiC1)
30/11/2021, 19:09:39 - INFO - Req from: Dan Katorza (sid: MW7vuKPQLyU4FAuSLLJTGcGW-y4DyiC1)
30/11/2021, 19:09:41 - INFO - Req from: Dan Katorza (sid: MW7vuKPQLyU4FAuSLLJTGcGW-y4DyiC1)
30/11/2021, 19:09:43 - INFO - Req from: Dan Katorza (sid: MW7vuKPQLyU4FAuSLLJTGcGW-y4DyiC1)
30/11/2021, 19:09:49 - INFO - Req from: Dan Katorza (sid: MW7vuKPQLyU4FAuSLLJTGcGW-y4DyiC1)
30/11/2021, 19:09:52 - INFO - Req from: Dan Katorza (sid: MW7vuKPQLyU4FAuSLLJTGcGW-y4DyiC1)
30/11/2021, 19:09:54 - INFO - Req from: Dan Katorza (sid: MW7vuKPQLyU4FAuSLLJTGcGW-y4DyiC1)
30/11/2021, 19:10:09 - INFO - Req from: Dan Katorza (sid: MW7vuKPQLyU4FAuSLLJTGcGW-y4DyiC1)
30/11/2021, 19:10:12 - INFO - Req from: Dan Katorza (sid: MW7vuKPQLyU4FAuSLLJTGcGW-y4DyiC1)
30/11/2021, 19:10:14 - INFO - Req from: Dan Katorza (sid: MW7vuKPQLyU4FAuSLLJTGcGW-y4DyiC1)
30/11/2021, 19:10:23 - INFO - Req from: Dan Katorza (sid: MW7vuKPQLyU4FAuSLLJTGcGW-y4DyiC1)
30/11/2021, 19:10:23 - INFO - Req from: Dan Katorza (sid: MW7vuKPQLyU4FAuSLLJTGcGW-y4DyiC1)
30/11/2021, 19:10:25 - INFO - Req from: Dan Katorza (sid: MW7vuKPQLyU4FAuSLLJTGcGW-y4DyiC1)
30/11/2021, 19:10:26 - INFO - Req from: Dan Katorza (sid: MW7vuKPQLyU4FAuSLLJTGcGW-y4DyiC1)
30/11/2021, 19:10:28 - INFO - Req from: Dan Katorza (sid: MW7vuKPQLyU4FAuSLLJTGcGW-y4DyiC1)
30/11/2021, 19:10:30 - INFO - Req from: Dan Katorza (sid: MW7vuKPQLyU4FAuSLLJTGcGW-y4DyiC1)
30/11/2021, 19:10:31 - INFO - Req from: Dan Katorza (sid: MW7vuKPQLyU4FAuSLLJTGcGW-y4DyiC1)
30/11/2021, 19:10:32 - INFO - Req from: Dan Katorza (sid: MW7vuKPQLyU4FAuSLLJTGcGW-y4DyiC1)
30/11/2021, 19:10:33 - INFO - Req from: Dan Katorza (sid: MW7vuKPQLyU4FAuSLLJTGcGW-y4DyiC1)
30/11/2021, 19:10:33 - INFO - Req from: Dan Katorza (sid: MW7vuKPQLyU4FAuSLLJTGcGW-y4DyiC1)
30/11/2021, 19:10:34 - INFO - Req from: Dan Katorza (sid: MW7vuKPQLyU4FAuSLLJTGcGW-y4DyiC1)
30/11/2021, 19:10:34 - INFO - Req from: Dan Katorza (sid: MW7vuKPQLyU4FAuSLLJTGcGW-y4DyiC1)
30/11/2021, 19:10:34 - INFO - Req from: Dan Katorza (sid: MW7vuKPQLyU4FAuSLLJTGcGW-y4DyiC1)
30/11/2021, 19:10:34 - INFO - Req from: Dan Katorza (sid: MW7vuKPQLyU4FAuSLLJTGcGW-y4DyiC1)
30/11/2021, 19:10:38 - INFO - Req from: Dan Katorza (sid: MW7vuKPQLyU4FAuSLLJTGcGW-y4DyiC1)
30/11/2021, 19:10:42 - INFO - Req from: Dan Katorza (sid: MW7vuKPQLyU4FAuSLLJTGcGW-y4DyiC1)
30/11/2021, 19:10:50 - INFO - Req from: Dan Katorza (sid: MW7vuKPQLyU4FAuSLLJTGcGW-y4DyiC1)
30/11/2021, 19:10:57 - INFO - Req from: Dan Katorza (sid: MW7vuKPQLyU4FAuSLLJTGcGW-y4DyiC1)
30/11/2021, 19:10:59 - INFO - Req from: Dan Katorza (sid: MW7vuKPQLyU4FAuSLLJTGcGW-y4DyiC1)
30/11/2021, 19:11:02 - INFO - Req from: Dan Katorza (sid: MW7vuKPQLyU4FAuSLLJTGcGW-y4DyiC1)
30/11/2021, 19:11:05 - INFO - Req from: Dan Katorza (sid: MW7vuKPQLyU4FAuSLLJTGcGW-y4DyiC1)
30/11/2021, 19:11:07 - INFO - Req from: Dan Katorza (sid: MW7vuKPQLyU4FAuSLLJTGcGW-y4DyiC1)
30/11/2021, 19:11:11 - INFO - Req from: Dan Katorza (sid: MW7vuKPQLyU4FAuSLLJTGcGW-y4DyiC1)
30/11/2021, 19:11:12 - INFO - Req from: Dan Katorza (sid: MW7vuKPQLyU4FAuSLLJTGcGW-y4DyiC1)
30/11/2021, 19:11:14 - INFO - Req from: Dan Katorza (sid: MW7vuKPQLyU4FAuSLLJTGcGW-y4DyiC1)
30/11/2021, 19:11:19 - INFO - Req from: Dan Katorza (sid: MW7vuKPQLyU4FAuSLLJTGcGW-y4DyiC1)
30/11/2021, 19:11:20 - INFO - Req from: Dan Katorza (sid: MW7vuKPQLyU4FAuSLLJTGcGW-y4DyiC1)
30/11/2021, 19:11:22 - INFO - Req from: Dan Katorza (sid: MW7vuKPQLyU4FAuSLLJTGcGW-y4DyiC1)
30/11/2021, 19:11:24 - INFO - Req from: Dan Katorza (sid: MW7vuKPQLyU4FAuSLLJTGcGW-y4DyiC1)
30/11/2021, 19:11:26 - INFO - Req from: Dan Katorza (sid: MW7vuKPQLyU4FAuSLLJTGcGW-y4DyiC1)
30/11/2021, 19:11:41 - INFO - Req from: Dan Katorza (sid: MW7vuKPQLyU4FAuSLLJTGcGW-y4DyiC1)
30/11/2021, 19:11:42 - INFO - Req from: Dan Katorza (sid: MW7vuKPQLyU4FAuSLLJTGcGW-y4DyiC1)
30/11/2021, 19:11:49 - INFO - Req from: Dan Katorza (sid: MW7vuKPQLyU4FAuSLLJTGcGW-y4DyiC1)
30/11/2021, 19:11:51 - INFO - Req from: Dan Katorza (sid: MW7vuKPQLyU4FAuSLLJTGcGW-y4DyiC1)
